<?xml version="1.0" encoding="UTF-8"?>
<!-- Generated by org.testng.reporters.JUnitReportReporter -->
<testsuite hostname="DESKTOP-150TBN1" failures="0" tests="1" name="org.demo.tests.LoginTest" time="0.962" errors="0" timestamp="2025-05-11T15:56:08 IST" skipped="0">
  <testcase classname="org.demo.tests.LoginTest" name="login_Test" time="0.962"/>
</testsuite> <!-- org.demo.tests.LoginTest -->
