<?xml version="1.0" encoding="UTF-8"?>
<!-- Generated by org.testng.reporters.JUnitReportReporter -->
<testsuite hostname="DESKTOP-150TBN1" failures="0" tests="1" name="org.demo.tests.LoginTest" time="3.765" errors="0" timestamp="2025-05-11T20:15:40 IST" skipped="0">
  <testcase classname="org.demo.tests.LoginTest" name="login_Test" time="3.765"/>
</testsuite> <!-- org.demo.tests.LoginTest -->
